2018-Nov-01 12:13:22 Наличие необходимых модулей php (check_php_modules): Ok
Все необходимые модули установлены
2018-Nov-01 12:13:22 Обязательные параметры PHP (check_php_settings): Fail
Ошибка! Значение max_input_vars должно быть не ниже 10000. Текущее значение: 1000
2018-Nov-01 12:13:22 Модули веб-сервера (check_security): Ok
Конфликтов не выявлено
2018-Nov-01 12:13:22 Значения переменных сервера (check_server_vars): Ok
Корректные
2018-Nov-01 12:13:22 Сохранение сессии (check_session): Ok
50% done
2018-Nov-01 12:13:23 Сохранение сессии (check_session): Ok
Успешно
2018-Nov-01 12:13:23 Параметры настройки UTF (mbstring и константа BX_UTF) (check_mbstring): Ok
Правильные. Сайт работает в UTF кодировке
2018-Nov-01 12:13:23 Служебные скрипты в корне сайта (check_install_scripts): Ok
Отсутствуют
2018-Nov-01 12:13:23 Работа с сокетами (check_socket): Ok
Connection to test-bitrix.ru:80	Success

Успешно
2018-Nov-01 12:13:23 Выполнение агентов на cron (check_bx_crontab): Warning
Замечание. Агенты выполняются на хитах, рекомендуется перевести выполнение агентов на cron
2018-Nov-01 12:13:24 Параметры подключения к базе данных (check_dbconn_settings): Ok
Успешно
2018-Nov-01 12:13:24 Лишний вывод в файлах конфигурации (check_dbconn): Ok
Connection to test-bitrix.ru:80	Success

Успешно
2018-Nov-01 12:13:24 Сохранение сессии без UserAgent (check_session_ua): Ok
50% done
Connection to test-bitrix.ru:80	Success

2018-Nov-01 12:13:24 Сохранение сессии без UserAgent (check_session_ua): Ok
Connection to test-bitrix.ru:80	Success

Успешно
2018-Nov-01 12:13:24 Настройки сайтов (check_sites): Ok
Правильные
2018-Nov-01 12:13:25 Передача объектов по ссылке (check_clone): Ok
Успешно
2018-Nov-01 12:13:25 Размер стека и pcre.recursion_limit (check_pcre_recursion): Ok
Connection to test-bitrix.ru:80	Success

Успешно
2018-Nov-01 12:13:25 Загрузка файла (check_upload): Ok
Connection to test-bitrix.ru:80	Success

Успешно
2018-Nov-01 12:13:25 Загрузка файла больше 4Мб (check_upload_big): Ok
Connection to test-bitrix.ru:80	Success

Успешно
2018-Nov-01 12:13:25 Загрузка файла через php://input (check_upload_raw): Ok
Connection to test-bitrix.ru:80	Success

Успешно
2018-Nov-01 12:13:26 Передача POST запроса с большим числом параметров (check_post): Ok
Connection to test-bitrix.ru:80	Success

Успешно
2018-Nov-01 12:13:26 Отправка почты (check_mail): Ok
Успешно
2018-Nov-01 12:13:26 Отправка почтового сообщения больше 64Кб (check_mail_big): Ok
Успешно
2018-Nov-01 12:13:26 Проверка на наличие неотправленных сообщений (check_mail_b_event): Ok
Успешно
2018-Nov-01 12:13:26 Внутреннее перенаправление (функция LocalRedirect) (check_localredirect): Ok
50% done
Connection to test-bitrix.ru:80	Success

2018-Nov-01 12:13:26 Внутреннее перенаправление (функция LocalRedirect) (check_localredirect): Ok
Connection to test-bitrix.ru:80	Success

Успешно
2018-Nov-01 12:13:27 Фактическое ограничение памяти (check_memory_limit): Ok
20% done
Connection to test-bitrix.ru:80	Success

2018-Nov-01 12:13:27 Фактическое ограничение памяти (check_memory_limit): Ok
40% done
Connection to test-bitrix.ru:80	Success

2018-Nov-01 12:13:27 Фактическое ограничение памяти (check_memory_limit): Ok
60% done
Connection to test-bitrix.ru:80	Success

2018-Nov-01 12:13:27 Фактическое ограничение памяти (check_memory_limit): Ok
80% done
Connection to test-bitrix.ru:80	Success

2018-Nov-01 12:13:28 Фактическое ограничение памяти (check_memory_limit): Ok
Connection to test-bitrix.ru:80	Success

Не менее 256 М
2018-Nov-01 12:13:28 Работа с файлами кеша (check_cache): Ok
Успешно
2018-Nov-01 12:13:28 Доступ к серверу обновлений (check_update): Ok
Успешно
2018-Nov-01 12:13:29 HTTP авторизация (check_http_auth): Ok
Connection to test-bitrix.ru:80	Success

Успешно
2018-Nov-01 12:13:29 Создание и запуск файла (check_exec): Ok
Connection to test-bitrix.ru:80	Success

Успешно
2018-Nov-01 12:13:29 Функция getimagesize для swf (check_getimagesize): Warning
Замечание. File not found: C:/OSPanel/domains/test-bitrix.ru/bitrix/modules/fileman/install/components/bitrix/player/mediaplayer/player
2018-Nov-01 12:13:29 Версия MySQL-сервера (check_mysql_bug_version): Ok
Успешно
2018-Nov-01 12:13:30 Время на БД и веб-сервере (check_mysql_time): Fail
Ошибка! Время отличается на 10800 секунд
2018-Nov-01 12:13:30 Режим работы MySQL (check_mysql_mode): Fail
Ошибка! Переменная sql_mode в MySQL должна быть пустая, текущее значение: NO_ENGINE_SUBSTITUTION
2018-Nov-01 12:13:30 Кодировка соединения (check_mysql_connection_charset): Ok
character_set_connection=utf8, collation_connection=utf8_unicode_ci, character_set_results=utf8
Успешно
2018-Nov-01 12:13:30 Кодировка базы данных (check_mysql_db_charset): Ok
CHARSET=utf8, COLLATION=utf8_unicode_ci
Успешно
2018-Nov-01 12:13:32 Кодировки таблиц в БД (check_mysql_table_charset): Ok
Успешно
2018-Nov-01 12:13:32 Структура базы данных (check_mysql_table_structure): Ok
0% done
2018-Nov-01 12:13:32 Структура базы данных (check_mysql_table_structure): Ok
1% done
2018-Nov-01 12:13:33 Структура базы данных (check_mysql_table_structure): Ok
3% done
2018-Nov-01 12:13:33 Структура базы данных (check_mysql_table_structure): Ok
5% done
2018-Nov-01 12:13:33 Структура базы данных (check_mysql_table_structure): Ok
7% done
2018-Nov-01 12:13:33 Структура базы данных (check_mysql_table_structure): Ok
9% done
2018-Nov-01 12:13:34 Структура базы данных (check_mysql_table_structure): Ok
11% done
2018-Nov-01 12:13:34 Структура базы данных (check_mysql_table_structure): Ok
13% done
2018-Nov-01 12:13:35 Структура базы данных (check_mysql_table_structure): Ok
15% done
2018-Nov-01 12:13:36 Структура базы данных (check_mysql_table_structure): Ok
17% done
2018-Nov-01 12:13:36 Структура базы данных (check_mysql_table_structure): Ok
19% done
2018-Nov-01 12:13:36 Структура базы данных (check_mysql_table_structure): Ok
21% done
2018-Nov-01 12:13:36 Структура базы данных (check_mysql_table_structure): Ok
23% done
2018-Nov-01 12:13:36 Структура базы данных (check_mysql_table_structure): Ok
25% done
2018-Nov-01 12:13:37 Структура базы данных (check_mysql_table_structure): Ok
26% done
2018-Nov-01 12:13:37 Структура базы данных (check_mysql_table_structure): Ok
28% done
2018-Nov-01 12:13:38 Структура базы данных (check_mysql_table_structure): Ok
30% done
2018-Nov-01 12:13:38 Структура базы данных (check_mysql_table_structure): Ok
32% done
2018-Nov-01 12:13:39 Структура базы данных (check_mysql_table_structure): Ok
34% done
2018-Nov-01 12:13:39 Структура базы данных (check_mysql_table_structure): Ok
36% done
2018-Nov-01 12:13:40 Структура базы данных (check_mysql_table_structure): Ok
38% done
В таблице b_im_message отсутствует индекс IXF_IM_MESS_1 (message)
Не включен полнотекстовый индекс IXF_IM_MESS_1 (message) для таблицы b_im_message

2018-Nov-01 12:13:40 Структура базы данных (check_mysql_table_structure): Ok
40% done
2018-Nov-01 12:13:41 Структура базы данных (check_mysql_table_structure): Ok
42% done
2018-Nov-01 12:13:41 Структура базы данных (check_mysql_table_structure): Ok
44% done
2018-Nov-01 12:13:41 Структура базы данных (check_mysql_table_structure): Ok
46% done
2018-Nov-01 12:13:42 Структура базы данных (check_mysql_table_structure): Ok
48% done
2018-Nov-01 12:13:44 Структура базы данных (check_mysql_table_structure): Ok
50% done
Не включен полнотекстовый индекс IXF_B_USER_INDEX_1 (search_user_content) для таблицы b_user_index
Не включен полнотекстовый индекс IXF_B_USER_INDEX_2 (search_department_content) для таблицы b_user_index
Не включен полнотекстовый индекс IXF_B_USER_INDEX_3 (search_admin_content) для таблицы b_user_index

2018-Nov-01 12:13:45 Структура базы данных (check_mysql_table_structure): Ok
51% done
2018-Nov-01 12:13:45 Структура базы данных (check_mysql_table_structure): Ok
53% done
2018-Nov-01 12:13:45 Структура базы данных (check_mysql_table_structure): Ok
55% done
2018-Nov-01 12:13:45 Структура базы данных (check_mysql_table_structure): Ok
57% done
2018-Nov-01 12:13:46 Структура базы данных (check_mysql_table_structure): Ok
59% done
2018-Nov-01 12:13:46 Структура базы данных (check_mysql_table_structure): Ok
61% done
2018-Nov-01 12:13:46 Структура базы данных (check_mysql_table_structure): Ok
63% done
2018-Nov-01 12:13:50 Структура базы данных (check_mysql_table_structure): Ok
65% done
2018-Nov-01 12:13:50 Структура базы данных (check_mysql_table_structure): Ok
67% done
2018-Nov-01 12:13:50 Структура базы данных (check_mysql_table_structure): Ok
69% done
2018-Nov-01 12:13:51 Структура базы данных (check_mysql_table_structure): Ok
71% done
2018-Nov-01 12:13:52 Структура базы данных (check_mysql_table_structure): Ok
73% done
В таблице b_sender_mailing_chain отсутствует индекс IXF_B_SENDER_MAILING_CHAIN_1 (search_content)
Не включен полнотекстовый индекс IXF_B_SENDER_MAILING_CHAIN_1 (search_content) для таблицы b_sender_mailing_chain

2018-Nov-01 12:13:52 Структура базы данных (check_mysql_table_structure): Ok
75% done
2018-Nov-01 12:13:53 Структура базы данных (check_mysql_table_structure): Ok
76% done
В таблице b_sonet_group отсутствует индекс IXF_SONET_GROUP (search_index)
Не включен полнотекстовый индекс IXF_SONET_GROUP (search_index) для таблицы b_sonet_group
В таблице b_sonet_log_index отсутствует индекс IXF_SONET_LOG_INDEX (content)
Не включен полнотекстовый индекс IXF_SONET_LOG_INDEX (content) для таблицы b_sonet_log_index

2018-Nov-01 12:13:53 Структура базы данных (check_mysql_table_structure): Ok
78% done
2018-Nov-01 12:13:55 Структура базы данных (check_mysql_table_structure): Ok
80% done
2018-Nov-01 12:13:55 Структура базы данных (check_mysql_table_structure): Ok
82% done
2018-Nov-01 12:13:55 Структура базы данных (check_mysql_table_structure): Ok
84% done
2018-Nov-01 12:13:56 Структура базы данных (check_mysql_table_structure): Ok
86% done
2018-Nov-01 12:13:56 Структура базы данных (check_mysql_table_structure): Ok
88% done
2018-Nov-01 12:13:56 Структура базы данных (check_mysql_table_structure): Ok
90% done
2018-Nov-01 12:13:57 Структура базы данных (check_mysql_table_structure): Ok
92% done
2018-Nov-01 12:13:57 Структура базы данных (check_mysql_table_structure): Ok
94% done
2018-Nov-01 12:13:57 Структура базы данных (check_mysql_table_structure): Ok
96% done
2018-Nov-01 12:13:57 Структура базы данных (check_mysql_table_structure): Ok
98% done
2018-Nov-01 12:13:57 Структура базы данных (check_mysql_table_structure): Fail
CREATE FULLTEXT INDEX `IXF_IM_MESS_1` ON `b_im_message` (message);
CREATE FULLTEXT INDEX `IXF_B_SENDER_MAILING_CHAIN_1` ON `b_sender_mailing_chain` (search_content);
CREATE FULLTEXT INDEX `IXF_SONET_GROUP` ON `b_sonet_group` (search_index);
CREATE FULLTEXT INDEX `IXF_SONET_LOG_INDEX` ON `b_sonet_log_index` (content);
Ошибка! Структура базы данных имеет ошибки. Всего 11, автоматически могут быть исправлены: 11. Исправить
